No current session found, using default AWS::AccountId
Initializing the lambda functions containers.
Local image is up-to-date
Using local image: public.ecr.aws/lambda/python:3.9-rapid-x86_64.

Mounting /Users/joe/dev/EddySplunk/SampleLambda/sample-lambda/.aws-sam/build/HelloWorldFunction as /var/task:ro,delegated, inside runtime container
Containers Initialization is done.
Mounting HelloWorldFunction at http://127.0.0.1:3000/invoke [GET]
You can now browse to the above endpoints to invoke your functions. You do not need to restart/reload SAM CLI while working on your functions, changes will be reflected instantly/automatically. If you used sam build before running local commands, you will need to re-run sam build for the changes to be picked up. You only need to restart SAM CLI if you update your AWS SAM template
2024-08-29 23:04:20 [31m[1mWARNING: This is a development server. Do not use it in a production deployment. Use a production WSGI server instead.[0m
 * Running on http://127.0.0.1:3000
2024-08-29 23:04:20 [33mPress CTRL+C to quit[0m
Invoking app.lambda_handler (python3.9)
Reuse the created warm container for Lambda function 'HelloWorldFunction'
Lambda function 'HelloWorldFunction' is already running
END RequestId: 427054d0-1487-404d-a3b8-f525e4183b48
REPORT RequestId: 427054d0-1487-404d-a3b8-f525e4183b48	Init Duration: 0.39 ms	Duration: 1156.60 ms	Billed Duration: 1157 ms	Memory Size: 128 MB	Max Memory Used: 128 MB	

No Content-Type given. Defaulting to 'application/json'.
2024-08-29 23:04:23 127.0.0.1 - - [29/Aug/2024 23:04:23] "GET /invoke HTTP/1.1" 200 -
Invoking app.lambda_handler (python3.9)
Reuse the created warm container for Lambda function 'HelloWorldFunction'
Lambda function 'HelloWorldFunction' is already running
START RequestId: 333f995d-bcaa-4d5e-9b76-b4369718e62b Version: $LATEST
END RequestId: 4b49f7f9-9f8c-421f-a24c-f1adf19d82d0
REPORT RequestId: 4b49f7f9-9f8c-421f-a24c-f1adf19d82d0	Duration: 597.30 ms	Billed Duration: 598 ms	Memory Size: 128 MB	Max Memory Used: 128 MB	

No Content-Type given. Defaulting to 'application/json'.
2024-08-29 23:04:24 127.0.0.1 - - [29/Aug/2024 23:04:24] "GET /invoke HTTP/1.1" 200 -
Invoking app.lambda_handler (python3.9)
Reuse the created warm container for Lambda function 'HelloWorldFunction'
Lambda function 'HelloWorldFunction' is already running
START RequestId: 3f7e1bea-100e-4a3a-a10d-4654f7e5c022 Version: $LATEST
END RequestId: 00e29890-830d-4959-a738-e7832e4f2972
REPORT RequestId: 00e29890-830d-4959-a738-e7832e4f2972	Duration: 561.45 ms	Billed Duration: 562 ms	Memory Size: 128 MB	Max Memory Used: 128 MB	

No Content-Type given. Defaulting to 'application/json'.
2024-08-29 23:04:24 127.0.0.1 - - [29/Aug/2024 23:04:24] "GET /invoke HTTP/1.1" 200 -
Invoking app.lambda_handler (python3.9)
Reuse the created warm container for Lambda function 'HelloWorldFunction'
Lambda function 'HelloWorldFunction' is already running
START RequestId: 909eaf50-690b-43dc-8457-41942d551f17 Version: $LATEST
END RequestId: d3657216-a0c7-41a0-99ea-bd79bdaee078
REPORT RequestId: d3657216-a0c7-41a0-99ea-bd79bdaee078	Duration: 547.12 ms	Billed Duration: 548 ms	Memory Size: 128 MB	Max Memory Used: 128 MB	

No Content-Type given. Defaulting to 'application/json'.
2024-08-29 23:04:25 127.0.0.1 - - [29/Aug/2024 23:04:25] "GET /invoke HTTP/1.1" 200 -
Invoking app.lambda_handler (python3.9)
Reuse the created warm container for Lambda function 'HelloWorldFunction'
Lambda function 'HelloWorldFunction' is already running
START RequestId: 70138a00-baf7-4cbe-9683-3d75a5fa3521 Version: $LATEST
END RequestId: 9cc41fce-c736-4feb-b151-1588d9920703
REPORT RequestId: 9cc41fce-c736-4feb-b151-1588d9920703	Duration: 636.29 ms	Billed Duration: 637 ms	Memory Size: 128 MB	Max Memory Used: 128 MB	

No Content-Type given. Defaulting to 'application/json'.
2024-08-29 23:04:26 127.0.0.1 - - [29/Aug/2024 23:04:26] "GET /invoke HTTP/1.1" 200 -
Invoking app.lambda_handler (python3.9)
Reuse the created warm container for Lambda function 'HelloWorldFunction'
Lambda function 'HelloWorldFunction' is already running
START RequestId: 3636c646-f739-41db-9750-f8a4d03003a9 Version: $LATEST
END RequestId: cf09b4e8-d8d1-47a8-bd75-0f56504340cf
REPORT RequestId: cf09b4e8-d8d1-47a8-bd75-0f56504340cf	Duration: 539.57 ms	Billed Duration: 540 ms	Memory Size: 128 MB	Max Memory Used: 128 MB	

No Content-Type given. Defaulting to 'application/json'.
2024-08-29 23:04:27 127.0.0.1 - - [29/Aug/2024 23:04:27] "GET /invoke HTTP/1.1" 200 -
Invoking app.lambda_handler (python3.9)
Reuse the created warm container for Lambda function 'HelloWorldFunction'
Lambda function 'HelloWorldFunction' is already running
START RequestId: 256ae07f-ccd3-468b-8815-d81e250f455d Version: $LATEST
END RequestId: 0bae67ed-ac17-4777-ade7-33e85f4eb302
REPORT RequestId: 0bae67ed-ac17-4777-ade7-33e85f4eb302	Duration: 553.89 ms	Billed Duration: 554 ms	Memory Size: 128 MB	Max Memory Used: 128 MB	

No Content-Type given. Defaulting to 'application/json'.
2024-08-29 23:04:27 127.0.0.1 - - [29/Aug/2024 23:04:27] "GET /invoke HTTP/1.1" 200 -
Invoking app.lambda_handler (python3.9)
Reuse the created warm container for Lambda function 'HelloWorldFunction'
Lambda function 'HelloWorldFunction' is already running
START RequestId: 8914d202-47b7-4d51-9120-9ea4613a2d9b Version: $LATEST
END RequestId: b15b5fd1-5676-4a35-8ce2-c9b7b241bb43
REPORT RequestId: b15b5fd1-5676-4a35-8ce2-c9b7b241bb43	Duration: 545.94 ms	Billed Duration: 546 ms	Memory Size: 128 MB	Max Memory Used: 128 MB	

No Content-Type given. Defaulting to 'application/json'.
2024-08-29 23:04:28 127.0.0.1 - - [29/Aug/2024 23:04:28] "GET /invoke HTTP/1.1" 200 -
Invoking app.lambda_handler (python3.9)
Reuse the created warm container for Lambda function 'HelloWorldFunction'
Lambda function 'HelloWorldFunction' is already running
START RequestId: 86021212-fc1b-4b02-9ea4-3fe9055c296a Version: $LATEST
END RequestId: 88e0e7b9-f36a-49f1-8955-ffaf6e2848cb
REPORT RequestId: 88e0e7b9-f36a-49f1-8955-ffaf6e2848cb	Duration: 588.32 ms	Billed Duration: 589 ms	Memory Size: 128 MB	Max Memory Used: 128 MB	

No Content-Type given. Defaulting to 'application/json'.
2024-08-29 23:04:29 127.0.0.1 - - [29/Aug/2024 23:04:29] "GET /invoke HTTP/1.1" 200 -
Invoking app.lambda_handler (python3.9)
Reuse the created warm container for Lambda function 'HelloWorldFunction'
Lambda function 'HelloWorldFunction' is already running
START RequestId: ed171bf2-55b1-4c8b-b0ad-228e349ffe93 Version: $LATEST
END RequestId: 0f17be55-493d-49f1-9f25-a2c22ecfa5a5
REPORT RequestId: 0f17be55-493d-49f1-9f25-a2c22ecfa5a5	Duration: 591.69 ms	Billed Duration: 592 ms	Memory Size: 128 MB	Max Memory Used: 128 MB	

No Content-Type given. Defaulting to 'application/json'.
2024-08-29 23:04:30 127.0.0.1 - - [29/Aug/2024 23:04:30] "GET /invoke HTTP/1.1" 200 -
Invoking app.lambda_handler (python3.9)
Reuse the created warm container for Lambda function 'HelloWorldFunction'
Lambda function 'HelloWorldFunction' is already running
START RequestId: 20d406cc-f8b1-421b-ad2f-2f39b0ed5d85 Version: $LATEST
END RequestId: 14a5bc6c-d86b-43b7-a93e-2ba54339527e
REPORT RequestId: 14a5bc6c-d86b-43b7-a93e-2ba54339527e	Duration: 553.51 ms	Billed Duration: 554 ms	Memory Size: 128 MB	Max Memory Used: 128 MB	

No Content-Type given. Defaulting to 'application/json'.
2024-08-29 23:04:31 127.0.0.1 - - [29/Aug/2024 23:04:31] "GET /invoke HTTP/1.1" 200 -
Invoking app.lambda_handler (python3.9)
Reuse the created warm container for Lambda function 'HelloWorldFunction'
Lambda function 'HelloWorldFunction' is already running
START RequestId: 6f343720-640c-448a-bb64-9f6c1a8a0313 Version: $LATEST
END RequestId: 49efcb75-9fce-47da-9256-1b9a7318b7f3
REPORT RequestId: 49efcb75-9fce-47da-9256-1b9a7318b7f3	Duration: 541.83 ms	Billed Duration: 542 ms	Memory Size: 128 MB	Max Memory Used: 128 MB	

No Content-Type given. Defaulting to 'application/json'.
2024-08-29 23:04:31 127.0.0.1 - - [29/Aug/2024 23:04:31] "GET /invoke HTTP/1.1" 200 -
Invoking app.lambda_handler (python3.9)
Reuse the created warm container for Lambda function 'HelloWorldFunction'
Lambda function 'HelloWorldFunction' is already running
START RequestId: a238f429-8406-4cc2-8486-5448fe84e8d8 Version: $LATEST
END RequestId: 83879ac2-b19d-43bc-9724-65865ad64e1e
REPORT RequestId: 83879ac2-b19d-43bc-9724-65865ad64e1e	Duration: 560.70 ms	Billed Duration: 561 ms	Memory Size: 128 MB	Max Memory Used: 128 MB	

No Content-Type given. Defaulting to 'application/json'.
2024-08-29 23:04:32 127.0.0.1 - - [29/Aug/2024 23:04:32] "GET /invoke HTTP/1.1" 200 -
Invoking app.lambda_handler (python3.9)
Reuse the created warm container for Lambda function 'HelloWorldFunction'
Lambda function 'HelloWorldFunction' is already running
START RequestId: a472bdb6-b599-4aef-b8dd-b923405d17d4 Version: $LATEST
END RequestId: 7d26c8fb-371e-4ed4-a4bf-c0bf8bc8d6c6
REPORT RequestId: 7d26c8fb-371e-4ed4-a4bf-c0bf8bc8d6c6	Duration: 556.82 ms	Billed Duration: 557 ms	Memory Size: 128 MB	Max Memory Used: 128 MB	

No Content-Type given. Defaulting to 'application/json'.
2024-08-29 23:04:33 127.0.0.1 - - [29/Aug/2024 23:04:33] "GET /invoke HTTP/1.1" 200 -
Invoking app.lambda_handler (python3.9)
Reuse the created warm container for Lambda function 'HelloWorldFunction'
Lambda function 'HelloWorldFunction' is already running
START RequestId: 326b0cd4-9296-4336-9fd7-a07e20c91bcb Version: $LATEST
END RequestId: f48346fd-9d2c-4bc9-97fb-c910942ca09d
REPORT RequestId: f48346fd-9d2c-4bc9-97fb-c910942ca09d	Duration: 642.51 ms	Billed Duration: 643 ms	Memory Size: 128 MB	Max Memory Used: 128 MB	

No Content-Type given. Defaulting to 'application/json'.
2024-08-29 23:04:34 127.0.0.1 - - [29/Aug/2024 23:04:34] "GET /invoke HTTP/1.1" 200 -
Invoking app.lambda_handler (python3.9)
Reuse the created warm container for Lambda function 'HelloWorldFunction'
Lambda function 'HelloWorldFunction' is already running
START RequestId: 386d3ee9-b249-4a9f-8895-34357c87c5b8 Version: $LATEST
END RequestId: ab8f15e2-b912-46ba-94ef-6b93f089a374
REPORT RequestId: ab8f15e2-b912-46ba-94ef-6b93f089a374	Duration: 549.71 ms	Billed Duration: 550 ms	Memory Size: 128 MB	Max Memory Used: 128 MB	

No Content-Type given. Defaulting to 'application/json'.
2024-08-29 23:04:34 127.0.0.1 - - [29/Aug/2024 23:04:34] "GET /invoke HTTP/1.1" 200 -
Invoking app.lambda_handler (python3.9)
Reuse the created warm container for Lambda function 'HelloWorldFunction'
Lambda function 'HelloWorldFunction' is already running
START RequestId: 6349b7e6-5546-4d50-acee-4dfc95b93270 Version: $LATEST
END RequestId: 8ce9645a-5381-4169-b33e-2176195012a2
REPORT RequestId: 8ce9645a-5381-4169-b33e-2176195012a2	Duration: 592.49 ms	Billed Duration: 593 ms	Memory Size: 128 MB	Max Memory Used: 128 MB	

No Content-Type given. Defaulting to 'application/json'.
2024-08-29 23:04:35 127.0.0.1 - - [29/Aug/2024 23:04:35] "GET /invoke HTTP/1.1" 200 -
Invoking app.lambda_handler (python3.9)
Reuse the created warm container for Lambda function 'HelloWorldFunction'
Lambda function 'HelloWorldFunction' is already running
START RequestId: c0a96cb4-9814-4ae9-91ce-de8f66d2c302 Version: $LATEST
END RequestId: 2e414ef8-e616-4310-8a1f-157ea4600ba1
REPORT RequestId: 2e414ef8-e616-4310-8a1f-157ea4600ba1	Duration: 542.04 ms	Billed Duration: 543 ms	Memory Size: 128 MB	Max Memory Used: 128 MB	

No Content-Type given. Defaulting to 'application/json'.
2024-08-29 23:04:36 127.0.0.1 - - [29/Aug/2024 23:04:36] "GET /invoke HTTP/1.1" 200 -
Invoking app.lambda_handler (python3.9)
Reuse the created warm container for Lambda function 'HelloWorldFunction'
Lambda function 'HelloWorldFunction' is already running
START RequestId: 1897ea36-c2ae-451c-99f8-74326a6bca05 Version: $LATEST
END RequestId: abe30c5b-080d-4db3-96e9-e185c425cd3a
REPORT RequestId: abe30c5b-080d-4db3-96e9-e185c425cd3a	Duration: 600.85 ms	Billed Duration: 601 ms	Memory Size: 128 MB	Max Memory Used: 128 MB	

No Content-Type given. Defaulting to 'application/json'.
2024-08-29 23:04:37 127.0.0.1 - - [29/Aug/2024 23:04:37] "GET /invoke HTTP/1.1" 200 -
Invoking app.lambda_handler (python3.9)
Reuse the created warm container for Lambda function 'HelloWorldFunction'
Lambda function 'HelloWorldFunction' is already running
START RequestId: d7178286-414f-483c-bd06-d11b49ec0d44 Version: $LATEST
END RequestId: b6ab4f2c-45a4-436e-923d-9286541d38ab
REPORT RequestId: b6ab4f2c-45a4-436e-923d-9286541d38ab	Duration: 598.31 ms	Billed Duration: 599 ms	Memory Size: 128 MB	Max Memory Used: 128 MB	

No Content-Type given. Defaulting to 'application/json'.
2024-08-29 23:04:38 127.0.0.1 - - [29/Aug/2024 23:04:38] "GET /invoke HTTP/1.1" 200 -
Invoking app.lambda_handler (python3.9)
Reuse the created warm container for Lambda function 'HelloWorldFunction'
Lambda function 'HelloWorldFunction' is already running
START RequestId: e9b337b0-88f4-40a3-a96f-6e81832330ac Version: $LATEST
END RequestId: 4aad2490-d38a-4a91-9816-00414dac1460
REPORT RequestId: 4aad2490-d38a-4a91-9816-00414dac1460	Duration: 550.85 ms	Billed Duration: 551 ms	Memory Size: 128 MB	Max Memory Used: 128 MB	

No Content-Type given. Defaulting to 'application/json'.
2024-08-29 23:04:38 127.0.0.1 - - [29/Aug/2024 23:04:38] "GET /invoke HTTP/1.1" 200 -
Invoking app.lambda_handler (python3.9)
Reuse the created warm container for Lambda function 'HelloWorldFunction'
Lambda function 'HelloWorldFunction' is already running
START RequestId: 95d74554-e0e5-490b-b776-7be4f529d47d Version: $LATEST
END RequestId: 3de604ac-7c28-4a28-8048-d36aff92016e
REPORT RequestId: 3de604ac-7c28-4a28-8048-d36aff92016e	Duration: 599.86 ms	Billed Duration: 600 ms	Memory Size: 128 MB	Max Memory Used: 128 MB	

No Content-Type given. Defaulting to 'application/json'.
2024-08-29 23:04:39 127.0.0.1 - - [29/Aug/2024 23:04:39] "GET /invoke HTTP/1.1" 200 -
Invoking app.lambda_handler (python3.9)
Reuse the created warm container for Lambda function 'HelloWorldFunction'
Lambda function 'HelloWorldFunction' is already running
START RequestId: 88612d2d-f8e2-4e68-9a79-d3237f83e0c7 Version: $LATEST
END RequestId: cc35afc8-fc63-4322-84f7-ad6c278c285c
REPORT RequestId: cc35afc8-fc63-4322-84f7-ad6c278c285c	Duration: 645.05 ms	Billed Duration: 646 ms	Memory Size: 128 MB	Max Memory Used: 128 MB	

No Content-Type given. Defaulting to 'application/json'.
2024-08-29 23:04:40 127.0.0.1 - - [29/Aug/2024 23:04:40] "GET /invoke HTTP/1.1" 200 -
Invoking app.lambda_handler (python3.9)
Reuse the created warm container for Lambda function 'HelloWorldFunction'
Lambda function 'HelloWorldFunction' is already running
START RequestId: 488cdb94-5ba8-45eb-a3aa-9845b8f49720 Version: $LATEST
END RequestId: 3aeca148-15d8-4aec-8680-7803f6c25c4e
REPORT RequestId: 3aeca148-15d8-4aec-8680-7803f6c25c4e	Duration: 542.64 ms	Billed Duration: 543 ms	Memory Size: 128 MB	Max Memory Used: 128 MB	

No Content-Type given. Defaulting to 'application/json'.
2024-08-29 23:04:41 127.0.0.1 - - [29/Aug/2024 23:04:41] "GET /invoke HTTP/1.1" 200 -
Invoking app.lambda_handler (python3.9)
Reuse the created warm container for Lambda function 'HelloWorldFunction'
Lambda function 'HelloWorldFunction' is already running
START RequestId: 17c686a3-9af3-4836-94f7-0da77a88e647 Version: $LATEST
END RequestId: 0585cd1e-e8ca-411f-b074-e9de563b79c7
REPORT RequestId: 0585cd1e-e8ca-411f-b074-e9de563b79c7	Duration: 600.04 ms	Billed Duration: 601 ms	Memory Size: 128 MB	Max Memory Used: 128 MB	

No Content-Type given. Defaulting to 'application/json'.
2024-08-29 23:04:41 127.0.0.1 - - [29/Aug/2024 23:04:41] "GET /invoke HTTP/1.1" 200 -
Invoking app.lambda_handler (python3.9)
Reuse the created warm container for Lambda function 'HelloWorldFunction'
Lambda function 'HelloWorldFunction' is already running
START RequestId: e719cb34-b1f0-4143-a32e-b74216a92391 Version: $LATEST
END RequestId: 99eddb0e-a3ba-460e-9920-b1cb323c9809
REPORT RequestId: 99eddb0e-a3ba-460e-9920-b1cb323c9809	Duration: 548.35 ms	Billed Duration: 549 ms	Memory Size: 128 MB	Max Memory Used: 128 MB	

No Content-Type given. Defaulting to 'application/json'.
2024-08-29 23:04:42 127.0.0.1 - - [29/Aug/2024 23:04:42] "GET /invoke HTTP/1.1" 200 -
Invoking app.lambda_handler (python3.9)
Reuse the created warm container for Lambda function 'HelloWorldFunction'
Lambda function 'HelloWorldFunction' is already running
START RequestId: dbe4a782-8e41-4d40-83a9-d16f40e1b571 Version: $LATEST
END RequestId: 77b78164-9459-4846-822d-42a370a7dccb
REPORT RequestId: 77b78164-9459-4846-822d-42a370a7dccb	Duration: 595.38 ms	Billed Duration: 596 ms	Memory Size: 128 MB	Max Memory Used: 128 MB	

No Content-Type given. Defaulting to 'application/json'.
2024-08-29 23:04:45 127.0.0.1 - - [29/Aug/2024 23:04:45] "GET /invoke HTTP/1.1" 200 -
Invoking app.lambda_handler (python3.9)
Reuse the created warm container for Lambda function 'HelloWorldFunction'
Lambda function 'HelloWorldFunction' is already running
START RequestId: 14eab0ac-1b2e-4451-a7e5-04a2c020ab5a Version: $LATEST
END RequestId: bef1dba0-6844-49e2-b95b-ad867bdfddf4
REPORT RequestId: bef1dba0-6844-49e2-b95b-ad867bdfddf4	Duration: 548.07 ms	Billed Duration: 549 ms	Memory Size: 128 MB	Max Memory Used: 128 MB	

No Content-Type given. Defaulting to 'application/json'.
2024-08-29 23:04:48 127.0.0.1 - - [29/Aug/2024 23:04:48] "GET /invoke HTTP/1.1" 200 -
Invoking app.lambda_handler (python3.9)
Reuse the created warm container for Lambda function 'HelloWorldFunction'
Lambda function 'HelloWorldFunction' is already running
START RequestId: 3576f391-9055-42af-a51b-e2bcea19fdb8 Version: $LATEST
END RequestId: daa8a216-a60a-408b-9da8-80853bb9576e
REPORT RequestId: daa8a216-a60a-408b-9da8-80853bb9576e	Duration: 523.20 ms	Billed Duration: 524 ms	Memory Size: 128 MB	Max Memory Used: 128 MB	

No Content-Type given. Defaulting to 'application/json'.
2024-08-29 23:04:48 127.0.0.1 - - [29/Aug/2024 23:04:48] "GET /invoke HTTP/1.1" 200 -
Invoking app.lambda_handler (python3.9)
Reuse the created warm container for Lambda function 'HelloWorldFunction'
Lambda function 'HelloWorldFunction' is already running
START RequestId: a0bfdb72-66b8-4c36-8fcc-df3ec64fc506 Version: $LATEST
END RequestId: a8893feb-49db-4c95-91c7-d4524fed9273
REPORT RequestId: a8893feb-49db-4c95-91c7-d4524fed9273	Duration: 553.21 ms	Billed Duration: 554 ms	Memory Size: 128 MB	Max Memory Used: 128 MB	

No Content-Type given. Defaulting to 'application/json'.
2024-08-29 23:04:49 127.0.0.1 - - [29/Aug/2024 23:04:49] "GET /invoke HTTP/1.1" 200 -
Invoking app.lambda_handler (python3.9)
Reuse the created warm container for Lambda function 'HelloWorldFunction'
Lambda function 'HelloWorldFunction' is already running
START RequestId: d5e47e5a-9f1e-41a0-802e-d7568191a559 Version: $LATEST
END RequestId: a9788d40-c1a0-4724-8cca-2fbb0d554bbf
REPORT RequestId: a9788d40-c1a0-4724-8cca-2fbb0d554bbf	Duration: 596.74 ms	Billed Duration: 597 ms	Memory Size: 128 MB	Max Memory Used: 128 MB	

No Content-Type given. Defaulting to 'application/json'.
2024-08-29 23:04:50 127.0.0.1 - - [29/Aug/2024 23:04:50] "GET /invoke HTTP/1.1" 200 -
Invoking app.lambda_handler (python3.9)
Reuse the created warm container for Lambda function 'HelloWorldFunction'
Lambda function 'HelloWorldFunction' is already running
START RequestId: fbd3d373-6582-43ab-a51c-80ec7bc61584 Version: $LATEST
END RequestId: 0585a114-a0a9-49c0-9002-38e4ebfebd4b
REPORT RequestId: 0585a114-a0a9-49c0-9002-38e4ebfebd4b	Duration: 597.09 ms	Billed Duration: 598 ms	Memory Size: 128 MB	Max Memory Used: 128 MB	

No Content-Type given. Defaulting to 'application/json'.
2024-08-29 23:04:51 127.0.0.1 - - [29/Aug/2024 23:04:51] "GET /invoke HTTP/1.1" 200 -
Invoking app.lambda_handler (python3.9)
Reuse the created warm container for Lambda function 'HelloWorldFunction'
Lambda function 'HelloWorldFunction' is already running
START RequestId: b67ba695-148b-42ea-b408-9dfadb4f90d5 Version: $LATEST
END RequestId: c190a0e1-0d49-48c4-ae24-d9bc8653e018
REPORT RequestId: c190a0e1-0d49-48c4-ae24-d9bc8653e018	Duration: 597.15 ms	Billed Duration: 598 ms	Memory Size: 128 MB	Max Memory Used: 128 MB	

No Content-Type given. Defaulting to 'application/json'.
2024-08-29 23:04:51 127.0.0.1 - - [29/Aug/2024 23:04:51] "GET /invoke HTTP/1.1" 200 -
Invoking app.lambda_handler (python3.9)
Reuse the created warm container for Lambda function 'HelloWorldFunction'
Lambda function 'HelloWorldFunction' is already running
START RequestId: 50f17670-46e4-4391-b7bd-875cb0b156eb Version: $LATEST
END RequestId: 8ea38639-4806-446a-9f3f-43a289cdb2ce
REPORT RequestId: 8ea38639-4806-446a-9f3f-43a289cdb2ce	Duration: 541.89 ms	Billed Duration: 542 ms	Memory Size: 128 MB	Max Memory Used: 128 MB	

No Content-Type given. Defaulting to 'application/json'.
2024-08-29 23:04:52 127.0.0.1 - - [29/Aug/2024 23:04:52] "GET /invoke HTTP/1.1" 200 -
Invoking app.lambda_handler (python3.9)
Reuse the created warm container for Lambda function 'HelloWorldFunction'
Lambda function 'HelloWorldFunction' is already running
START RequestId: 6ae9ee2e-0a0d-4e67-b25b-868c9ddc5cd6 Version: $LATEST
END RequestId: 42f4f394-6934-4aa4-aebd-38c18b0a6a0e
REPORT RequestId: 42f4f394-6934-4aa4-aebd-38c18b0a6a0e	Duration: 549.18 ms	Billed Duration: 550 ms	Memory Size: 128 MB	Max Memory Used: 128 MB	

No Content-Type given. Defaulting to 'application/json'.
2024-08-29 23:04:53 127.0.0.1 - - [29/Aug/2024 23:04:53] "GET /invoke HTTP/1.1" 200 -
Invoking app.lambda_handler (python3.9)
Reuse the created warm container for Lambda function 'HelloWorldFunction'
Lambda function 'HelloWorldFunction' is already running
START RequestId: 20cbbca9-b35d-4732-a26c-721738db4da4 Version: $LATEST
END RequestId: 1aab8f83-47a9-4463-88c5-ffc8a044be6c
REPORT RequestId: 1aab8f83-47a9-4463-88c5-ffc8a044be6c	Duration: 637.54 ms	Billed Duration: 638 ms	Memory Size: 128 MB	Max Memory Used: 128 MB	

No Content-Type given. Defaulting to 'application/json'.
2024-08-29 23:04:54 127.0.0.1 - - [29/Aug/2024 23:04:54] "GET /invoke HTTP/1.1" 200 -
Invoking app.lambda_handler (python3.9)
Reuse the created warm container for Lambda function 'HelloWorldFunction'
Lambda function 'HelloWorldFunction' is already running
START RequestId: 7827b27a-6d3d-4146-ae2d-4313a592821f Version: $LATEST
END RequestId: ab05e679-ea03-4655-b728-2589705500c0
REPORT RequestId: ab05e679-ea03-4655-b728-2589705500c0	Duration: 555.10 ms	Billed Duration: 556 ms	Memory Size: 128 MB	Max Memory Used: 128 MB	

No Content-Type given. Defaulting to 'application/json'.
2024-08-29 23:04:54 127.0.0.1 - - [29/Aug/2024 23:04:54] "GET /invoke HTTP/1.1" 200 -
Invoking app.lambda_handler (python3.9)
Reuse the created warm container for Lambda function 'HelloWorldFunction'
Lambda function 'HelloWorldFunction' is already running
START RequestId: 4e5d80a6-8739-4a38-b661-c2a98725ba55 Version: $LATEST
END RequestId: 469dfef7-2bc3-411d-adfe-43288b30f2ae
REPORT RequestId: 469dfef7-2bc3-411d-adfe-43288b30f2ae	Duration: 516.80 ms	Billed Duration: 517 ms	Memory Size: 128 MB	Max Memory Used: 128 MB	

No Content-Type given. Defaulting to 'application/json'.
2024-08-29 23:04:55 127.0.0.1 - - [29/Aug/2024 23:04:55] "GET /invoke HTTP/1.1" 200 -
Invoking app.lambda_handler (python3.9)
Reuse the created warm container for Lambda function 'HelloWorldFunction'
Lambda function 'HelloWorldFunction' is already running
START RequestId: 3fef9a22-3957-4821-8e52-952bfb331622 Version: $LATEST
END RequestId: 6c29a371-5c2d-4172-8374-805d4c778545
REPORT RequestId: 6c29a371-5c2d-4172-8374-805d4c778545	Duration: 594.26 ms	Billed Duration: 595 ms	Memory Size: 128 MB	Max Memory Used: 128 MB	

No Content-Type given. Defaulting to 'application/json'.
2024-08-29 23:04:56 127.0.0.1 - - [29/Aug/2024 23:04:56] "GET /invoke HTTP/1.1" 200 -
Invoking app.lambda_handler (python3.9)
Reuse the created warm container for Lambda function 'HelloWorldFunction'
Lambda function 'HelloWorldFunction' is already running
START RequestId: 472943c4-ea38-41a1-a3f2-86d33a3118a2 Version: $LATEST
END RequestId: 88cb3e8b-fd96-464d-85fa-4084a7b75933
REPORT RequestId: 88cb3e8b-fd96-464d-85fa-4084a7b75933	Duration: 557.14 ms	Billed Duration: 558 ms	Memory Size: 128 MB	Max Memory Used: 128 MB	

No Content-Type given. Defaulting to 'application/json'.
2024-08-29 23:04:57 127.0.0.1 - - [29/Aug/2024 23:04:57] "GET /invoke HTTP/1.1" 200 -
Invoking app.lambda_handler (python3.9)
Reuse the created warm container for Lambda function 'HelloWorldFunction'
Lambda function 'HelloWorldFunction' is already running
START RequestId: 644a1b00-ba36-4331-8965-b0e558e51e38 Version: $LATEST
END RequestId: 44f3f346-207a-4ae2-802e-59f154fe27c0
REPORT RequestId: 44f3f346-207a-4ae2-802e-59f154fe27c0	Duration: 599.19 ms	Billed Duration: 600 ms	Memory Size: 128 MB	Max Memory Used: 128 MB	

No Content-Type given. Defaulting to 'application/json'.
2024-08-29 23:04:58 127.0.0.1 - - [29/Aug/2024 23:04:58] "GET /invoke HTTP/1.1" 200 -
Invoking app.lambda_handler (python3.9)
Reuse the created warm container for Lambda function 'HelloWorldFunction'
Lambda function 'HelloWorldFunction' is already running
START RequestId: 12992bca-86fb-4132-bb75-a85551a0257d Version: $LATEST
END RequestId: 94c472e9-2483-4c32-92d9-77cf838f99fe
REPORT RequestId: 94c472e9-2483-4c32-92d9-77cf838f99fe	Duration: 600.30 ms	Billed Duration: 601 ms	Memory Size: 128 MB	Max Memory Used: 128 MB	

No Content-Type given. Defaulting to 'application/json'.
2024-08-29 23:04:58 127.0.0.1 - - [29/Aug/2024 23:04:58] "GET /invoke HTTP/1.1" 200 -
Invoking app.lambda_handler (python3.9)
Reuse the created warm container for Lambda function 'HelloWorldFunction'
Lambda function 'HelloWorldFunction' is already running
START RequestId: 66a63838-b85d-40ce-9125-531f4226fb40 Version: $LATEST
END RequestId: f7e79954-9fdd-4b8a-9949-a919d7707087
REPORT RequestId: f7e79954-9fdd-4b8a-9949-a919d7707087	Duration: 557.98 ms	Billed Duration: 558 ms	Memory Size: 128 MB	Max Memory Used: 128 MB	

No Content-Type given. Defaulting to 'application/json'.
2024-08-29 23:04:59 127.0.0.1 - - [29/Aug/2024 23:04:59] "GET /invoke HTTP/1.1" 200 -
Invoking app.lambda_handler (python3.9)
Reuse the created warm container for Lambda function 'HelloWorldFunction'
Lambda function 'HelloWorldFunction' is already running
START RequestId: 22cc1625-70ee-4c9e-ba04-dc430acbc87a Version: $LATEST
END RequestId: 013b7505-bbb5-4ae9-9ef8-fe1e50ec978b
REPORT RequestId: 013b7505-bbb5-4ae9-9ef8-fe1e50ec978b	Duration: 591.66 ms	Billed Duration: 592 ms	Memory Size: 128 MB	Max Memory Used: 128 MB	

No Content-Type given. Defaulting to 'application/json'.
2024-08-29 23:05:00 127.0.0.1 - - [29/Aug/2024 23:05:00] "GET /invoke HTTP/1.1" 200 -
Invoking app.lambda_handler (python3.9)
Reuse the created warm container for Lambda function 'HelloWorldFunction'
Lambda function 'HelloWorldFunction' is already running
START RequestId: a04282c8-9b27-49c5-97d2-e990fc2f0003 Version: $LATEST
END RequestId: 15df5af5-650f-429e-876c-e836cc308d15
REPORT RequestId: 15df5af5-650f-429e-876c-e836cc308d15	Duration: 591.95 ms	Billed Duration: 592 ms	Memory Size: 128 MB	Max Memory Used: 128 MB	

No Content-Type given. Defaulting to 'application/json'.
2024-08-29 23:05:01 127.0.0.1 - - [29/Aug/2024 23:05:01] "GET /invoke HTTP/1.1" 200 -
Invoking app.lambda_handler (python3.9)
Reuse the created warm container for Lambda function 'HelloWorldFunction'
Lambda function 'HelloWorldFunction' is already running
START RequestId: e1f502eb-7ea4-4cb9-9653-1a27d8255ebc Version: $LATEST
END RequestId: 30f476d8-5d28-4476-ba77-4c33d3b39a43
REPORT RequestId: 30f476d8-5d28-4476-ba77-4c33d3b39a43	Duration: 546.85 ms	Billed Duration: 547 ms	Memory Size: 128 MB	Max Memory Used: 128 MB	

No Content-Type given. Defaulting to 'application/json'.
2024-08-29 23:05:01 127.0.0.1 - - [29/Aug/2024 23:05:01] "GET /invoke HTTP/1.1" 200 -
Invoking app.lambda_handler (python3.9)
Reuse the created warm container for Lambda function 'HelloWorldFunction'
Lambda function 'HelloWorldFunction' is already running
START RequestId: 6bc351dc-eee2-49ad-871e-a647e6eb7b71 Version: $LATEST
END RequestId: 3158fa3c-9d0e-493e-a140-e3bcda660ab3
REPORT RequestId: 3158fa3c-9d0e-493e-a140-e3bcda660ab3	Duration: 558.94 ms	Billed Duration: 559 ms	Memory Size: 128 MB	Max Memory Used: 128 MB	

No Content-Type given. Defaulting to 'application/json'.
2024-08-29 23:05:02 127.0.0.1 - - [29/Aug/2024 23:05:02] "GET /invoke HTTP/1.1" 200 -
Invoking app.lambda_handler (python3.9)
Reuse the created warm container for Lambda function 'HelloWorldFunction'
Lambda function 'HelloWorldFunction' is already running
START RequestId: 1479735c-f598-4cf5-b8a5-9fddd0dfab46 Version: $LATEST
END RequestId: 6ecd514b-03af-48e7-8b4b-37f09a5f110a
REPORT RequestId: 6ecd514b-03af-48e7-8b4b-37f09a5f110a	Duration: 594.75 ms	Billed Duration: 595 ms	Memory Size: 128 MB	Max Memory Used: 128 MB	

No Content-Type given. Defaulting to 'application/json'.
2024-08-29 23:05:03 127.0.0.1 - - [29/Aug/2024 23:05:03] "GET /invoke HTTP/1.1" 200 -
Invoking app.lambda_handler (python3.9)
Reuse the created warm container for Lambda function 'HelloWorldFunction'
Lambda function 'HelloWorldFunction' is already running
START RequestId: 9fba50ff-507a-4227-8d18-7274d3f2de45 Version: $LATEST
END RequestId: 12f4650b-23d8-419c-9748-63a21e1a6590
REPORT RequestId: 12f4650b-23d8-419c-9748-63a21e1a6590	Duration: 591.95 ms	Billed Duration: 592 ms	Memory Size: 128 MB	Max Memory Used: 128 MB	

No Content-Type given. Defaulting to 'application/json'.
2024-08-29 23:05:04 127.0.0.1 - - [29/Aug/2024 23:05:04] "GET /invoke HTTP/1.1" 200 -
Invoking app.lambda_handler (python3.9)
Reuse the created warm container for Lambda function 'HelloWorldFunction'
Lambda function 'HelloWorldFunction' is already running
START RequestId: 410a0880-f6cb-4989-9ab1-e7cd2e6cb441 Version: $LATEST
END RequestId: 7f7697a0-170b-48a2-9243-59ad31185bdd
REPORT RequestId: 7f7697a0-170b-48a2-9243-59ad31185bdd	Duration: 599.75 ms	Billed Duration: 600 ms	Memory Size: 128 MB	Max Memory Used: 128 MB	

No Content-Type given. Defaulting to 'application/json'.
2024-08-29 23:05:04 127.0.0.1 - - [29/Aug/2024 23:05:04] "GET /invoke HTTP/1.1" 200 -
Invoking app.lambda_handler (python3.9)
Reuse the created warm container for Lambda function 'HelloWorldFunction'
Lambda function 'HelloWorldFunction' is already running
START RequestId: fc572460-f90b-4480-b011-d825e793b27a Version: $LATEST
END RequestId: 6dd9b83d-6194-4ae3-82c1-d59100f3c05a
REPORT RequestId: 6dd9b83d-6194-4ae3-82c1-d59100f3c05a	Duration: 542.57 ms	Billed Duration: 543 ms	Memory Size: 128 MB	Max Memory Used: 128 MB	

No Content-Type given. Defaulting to 'application/json'.
2024-08-29 23:05:05 127.0.0.1 - - [29/Aug/2024 23:05:05] "GET /invoke HTTP/1.1" 200 -
Invoking app.lambda_handler (python3.9)
Reuse the created warm container for Lambda function 'HelloWorldFunction'
Lambda function 'HelloWorldFunction' is already running
START RequestId: b6f287d9-52fb-48c4-800d-457bec2b6f70 Version: $LATEST
END RequestId: 413f7e73-60ba-44ea-aec6-1b1ce3091943
REPORT RequestId: 413f7e73-60ba-44ea-aec6-1b1ce3091943	Duration: 515.38 ms	Billed Duration: 516 ms	Memory Size: 128 MB	Max Memory Used: 128 MB	

No Content-Type given. Defaulting to 'application/json'.
2024-08-29 23:05:06 127.0.0.1 - - [29/Aug/2024 23:05:06] "GET /invoke HTTP/1.1" 200 -
Invoking app.lambda_handler (python3.9)
Reuse the created warm container for Lambda function 'HelloWorldFunction'
Lambda function 'HelloWorldFunction' is already running
START RequestId: fc37dd46-dd65-466f-9cca-097ae96f3571 Version: $LATEST
END RequestId: 42e72c3a-6af5-4053-be1a-55e828f0c53c
REPORT RequestId: 42e72c3a-6af5-4053-be1a-55e828f0c53c	Duration: 594.19 ms	Billed Duration: 595 ms	Memory Size: 128 MB	Max Memory Used: 128 MB	

No Content-Type given. Defaulting to 'application/json'.
2024-08-29 23:05:07 127.0.0.1 - - [29/Aug/2024 23:05:07] "GET /invoke HTTP/1.1" 200 -
Invoking app.lambda_handler (python3.9)
Reuse the created warm container for Lambda function 'HelloWorldFunction'
Lambda function 'HelloWorldFunction' is already running
START RequestId: 4b4cfac9-abc4-4ae8-8b8b-187844e7db08 Version: $LATEST
END RequestId: 7682e670-655a-4765-960b-7fa1419fad81
REPORT RequestId: 7682e670-655a-4765-960b-7fa1419fad81	Duration: 598.69 ms	Billed Duration: 599 ms	Memory Size: 128 MB	Max Memory Used: 128 MB	

No Content-Type given. Defaulting to 'application/json'.
2024-08-29 23:05:09 127.0.0.1 - - [29/Aug/2024 23:05:09] "GET /invoke HTTP/1.1" 200 -
Invoking app.lambda_handler (python3.9)
Reuse the created warm container for Lambda function 'HelloWorldFunction'
Lambda function 'HelloWorldFunction' is already running
START RequestId: 4dce2156-5cf3-46ee-96e9-1faa773f7e88 Version: $LATEST
END RequestId: a46fc5bc-287b-4ac7-82f1-fd85351007be
REPORT RequestId: a46fc5bc-287b-4ac7-82f1-fd85351007be	Duration: 597.08 ms	Billed Duration: 598 ms	Memory Size: 128 MB	Max Memory Used: 128 MB	

No Content-Type given. Defaulting to 'application/json'.
2024-08-29 23:05:12 127.0.0.1 - - [29/Aug/2024 23:05:12] "GET /invoke HTTP/1.1" 200 -
Invoking app.lambda_handler (python3.9)
Reuse the created warm container for Lambda function 'HelloWorldFunction'
Lambda function 'HelloWorldFunction' is already running
START RequestId: 2bed422c-2b9a-4139-8322-98dac38bbf6e Version: $LATEST
END RequestId: e693f78d-8afb-4030-8529-02642c8d5e97
REPORT RequestId: e693f78d-8afb-4030-8529-02642c8d5e97	Duration: 542.36 ms	Billed Duration: 543 ms	Memory Size: 128 MB	Max Memory Used: 128 MB	

No Content-Type given. Defaulting to 'application/json'.
2024-08-29 23:05:13 127.0.0.1 - - [29/Aug/2024 23:05:13] "GET /invoke HTTP/1.1" 200 -
Invoking app.lambda_handler (python3.9)
Reuse the created warm container for Lambda function 'HelloWorldFunction'
Lambda function 'HelloWorldFunction' is already running
START RequestId: b0c63720-6cb2-487e-8a4e-d6d4122270e9 Version: $LATEST
END RequestId: d65d36a1-601c-4a65-ba5f-503bbcf16326
REPORT RequestId: d65d36a1-601c-4a65-ba5f-503bbcf16326	Duration: 512.03 ms	Billed Duration: 513 ms	Memory Size: 128 MB	Max Memory Used: 128 MB	

No Content-Type given. Defaulting to 'application/json'.
2024-08-29 23:05:14 127.0.0.1 - - [29/Aug/2024 23:05:14] "GET /invoke HTTP/1.1" 200 -
Invoking app.lambda_handler (python3.9)
Reuse the created warm container for Lambda function 'HelloWorldFunction'
Lambda function 'HelloWorldFunction' is already running
START RequestId: fe84a60b-1013-45c2-9f6e-642d907bfd14 Version: $LATEST
END RequestId: ea985379-b607-4b98-b698-1cb9c9dd7f6d
REPORT RequestId: ea985379-b607-4b98-b698-1cb9c9dd7f6d	Duration: 589.46 ms	Billed Duration: 590 ms	Memory Size: 128 MB	Max Memory Used: 128 MB	

No Content-Type given. Defaulting to 'application/json'.
2024-08-29 23:05:14 127.0.0.1 - - [29/Aug/2024 23:05:14] "GET /invoke HTTP/1.1" 200 -
Invoking app.lambda_handler (python3.9)
Reuse the created warm container for Lambda function 'HelloWorldFunction'
Lambda function 'HelloWorldFunction' is already running
START RequestId: dfd6d48f-306a-415e-a42b-0b14628c1aa7 Version: $LATEST
END RequestId: 80b01242-0b63-4908-bf42-d0c5ae7cc8a4
REPORT RequestId: 80b01242-0b63-4908-bf42-d0c5ae7cc8a4	Duration: 549.83 ms	Billed Duration: 550 ms	Memory Size: 128 MB	Max Memory Used: 128 MB	

No Content-Type given. Defaulting to 'application/json'.
2024-08-29 23:05:15 127.0.0.1 - - [29/Aug/2024 23:05:15] "GET /invoke HTTP/1.1" 200 -
Invoking app.lambda_handler (python3.9)
Reuse the created warm container for Lambda function 'HelloWorldFunction'
Lambda function 'HelloWorldFunction' is already running
START RequestId: b4f3ac87-24b8-4a7b-8f76-ad958c89058f Version: $LATEST
END RequestId: c2f3636c-9c6b-48cc-8c65-343b5364b6a1
REPORT RequestId: c2f3636c-9c6b-48cc-8c65-343b5364b6a1	Duration: 587.43 ms	Billed Duration: 588 ms	Memory Size: 128 MB	Max Memory Used: 128 MB	

No Content-Type given. Defaulting to 'application/json'.
2024-08-29 23:05:16 127.0.0.1 - - [29/Aug/2024 23:05:16] "GET /invoke HTTP/1.1" 200 -
Invoking app.lambda_handler (python3.9)
Reuse the created warm container for Lambda function 'HelloWorldFunction'
Lambda function 'HelloWorldFunction' is already running
START RequestId: 178de8e9-488d-4ab6-bf57-1cc0ebbdf900 Version: $LATEST
END RequestId: ad3ad1d5-db79-421c-bbfa-d7ec9c095ead
REPORT RequestId: ad3ad1d5-db79-421c-bbfa-d7ec9c095ead	Duration: 592.70 ms	Billed Duration: 593 ms	Memory Size: 128 MB	Max Memory Used: 128 MB	

No Content-Type given. Defaulting to 'application/json'.
2024-08-29 23:05:17 127.0.0.1 - - [29/Aug/2024 23:05:17] "GET /invoke HTTP/1.1" 200 -
Invoking app.lambda_handler (python3.9)
Reuse the created warm container for Lambda function 'HelloWorldFunction'
Lambda function 'HelloWorldFunction' is already running
START RequestId: 26fcadc6-252b-4f8a-b056-8e5b1a6d3f8f Version: $LATEST
END RequestId: 0ff36276-a54e-424f-810d-105dbc239549
REPORT RequestId: 0ff36276-a54e-424f-810d-105dbc239549	Duration: 603.16 ms	Billed Duration: 604 ms	Memory Size: 128 MB	Max Memory Used: 128 MB	

No Content-Type given. Defaulting to 'application/json'.
2024-08-29 23:05:17 127.0.0.1 - - [29/Aug/2024 23:05:17] "GET /invoke HTTP/1.1" 200 -
Invoking app.lambda_handler (python3.9)
Reuse the created warm container for Lambda function 'HelloWorldFunction'
Lambda function 'HelloWorldFunction' is already running
START RequestId: eaf86189-1329-41eb-b599-26e587a7e89e Version: $LATEST
END RequestId: 4a9e2274-b7c5-4668-a2f7-d57903248779
REPORT RequestId: 4a9e2274-b7c5-4668-a2f7-d57903248779	Duration: 594.85 ms	Billed Duration: 595 ms	Memory Size: 128 MB	Max Memory Used: 128 MB	

No Content-Type given. Defaulting to 'application/json'.
2024-08-29 23:05:18 127.0.0.1 - - [29/Aug/2024 23:05:18] "GET /invoke HTTP/1.1" 200 -
Invoking app.lambda_handler (python3.9)
Reuse the created warm container for Lambda function 'HelloWorldFunction'
Lambda function 'HelloWorldFunction' is already running
START RequestId: 3ce0bf3c-74dd-46d5-8262-d78ce18b4c74 Version: $LATEST
END RequestId: a7c3e943-068f-49db-b89d-c01643cc1e0a
REPORT RequestId: a7c3e943-068f-49db-b89d-c01643cc1e0a	Duration: 554.93 ms	Billed Duration: 555 ms	Memory Size: 128 MB	Max Memory Used: 128 MB	

No Content-Type given. Defaulting to 'application/json'.
2024-08-29 23:05:19 127.0.0.1 - - [29/Aug/2024 23:05:19] "GET /invoke HTTP/1.1" 200 -
Invoking app.lambda_handler (python3.9)
Reuse the created warm container for Lambda function 'HelloWorldFunction'
Lambda function 'HelloWorldFunction' is already running
START RequestId: 06aab086-ea71-47f7-aeda-fc8e29ad219b Version: $LATEST
END RequestId: 06ba027c-e906-4f48-860a-522b4393e7f3
REPORT RequestId: 06ba027c-e906-4f48-860a-522b4393e7f3	Duration: 552.02 ms	Billed Duration: 553 ms	Memory Size: 128 MB	Max Memory Used: 128 MB	

No Content-Type given. Defaulting to 'application/json'.
2024-08-29 23:05:20 127.0.0.1 - - [29/Aug/2024 23:05:20] "GET /invoke HTTP/1.1" 200 -
Invoking app.lambda_handler (python3.9)
Reuse the created warm container for Lambda function 'HelloWorldFunction'
Lambda function 'HelloWorldFunction' is already running
START RequestId: 26b47180-9343-4a36-9235-9e949a39cf93 Version: $LATEST
END RequestId: 60b68744-4b7a-4b75-8186-938684273fdc
REPORT RequestId: 60b68744-4b7a-4b75-8186-938684273fdc	Duration: 592.88 ms	Billed Duration: 593 ms	Memory Size: 128 MB	Max Memory Used: 128 MB	

No Content-Type given. Defaulting to 'application/json'.
2024-08-29 23:05:20 127.0.0.1 - - [29/Aug/2024 23:05:20] "GET /invoke HTTP/1.1" 200 -
Invoking app.lambda_handler (python3.9)
Reuse the created warm container for Lambda function 'HelloWorldFunction'
Lambda function 'HelloWorldFunction' is already running
START RequestId: 345ed059-a696-4cac-b155-622e6adebdc1 Version: $LATEST
END RequestId: d93d7f69-e634-45fc-9f15-254e2ad35eaa
REPORT RequestId: d93d7f69-e634-45fc-9f15-254e2ad35eaa	Duration: 546.19 ms	Billed Duration: 547 ms	Memory Size: 128 MB	Max Memory Used: 128 MB	

No Content-Type given. Defaulting to 'application/json'.
2024-08-29 23:05:21 127.0.0.1 - - [29/Aug/2024 23:05:21] "GET /invoke HTTP/1.1" 200 -
Invoking app.lambda_handler (python3.9)
Reuse the created warm container for Lambda function 'HelloWorldFunction'
Lambda function 'HelloWorldFunction' is already running
START RequestId: ccaf9393-a420-4841-b399-59a46240d3aa Version: $LATEST
END RequestId: f9c12316-1af4-4311-92ad-9b03c1f0f9a6
REPORT RequestId: f9c12316-1af4-4311-92ad-9b03c1f0f9a6	Duration: 542.40 ms	Billed Duration: 543 ms	Memory Size: 128 MB	Max Memory Used: 128 MB	

No Content-Type given. Defaulting to 'application/json'.
2024-08-29 23:05:22 127.0.0.1 - - [29/Aug/2024 23:05:22] "GET /invoke HTTP/1.1" 200 -
Invoking app.lambda_handler (python3.9)
Reuse the created warm container for Lambda function 'HelloWorldFunction'
Lambda function 'HelloWorldFunction' is already running
START RequestId: 2c22e897-8e3a-4e74-a652-72a0b23afcec Version: $LATEST
END RequestId: df7828ec-0761-4886-b7c0-70b85e80ffcc
REPORT RequestId: df7828ec-0761-4886-b7c0-70b85e80ffcc	Duration: 536.05 ms	Billed Duration: 537 ms	Memory Size: 128 MB	Max Memory Used: 128 MB	

No Content-Type given. Defaulting to 'application/json'.
2024-08-29 23:05:23 127.0.0.1 - - [29/Aug/2024 23:05:23] "GET /invoke HTTP/1.1" 200 -
Invoking app.lambda_handler (python3.9)
Reuse the created warm container for Lambda function 'HelloWorldFunction'
Lambda function 'HelloWorldFunction' is already running
START RequestId: f0ca1d2c-5128-40d6-9205-fa20a208d727 Version: $LATEST
END RequestId: 13719b58-298b-40a2-9c5f-dc5ca50401d6
REPORT RequestId: 13719b58-298b-40a2-9c5f-dc5ca50401d6	Duration: 547.81 ms	Billed Duration: 548 ms	Memory Size: 128 MB	Max Memory Used: 128 MB	

No Content-Type given. Defaulting to 'application/json'.
2024-08-29 23:05:23 127.0.0.1 - - [29/Aug/2024 23:05:23] "GET /invoke HTTP/1.1" 200 -
Invoking app.lambda_handler (python3.9)
Reuse the created warm container for Lambda function 'HelloWorldFunction'
Lambda function 'HelloWorldFunction' is already running
START RequestId: 5b6f36de-8fc5-41c9-a92d-3717ad12e9e8 Version: $LATEST
END RequestId: d3924ea5-17a9-4554-9fa7-5efdddfd1c8d
REPORT RequestId: d3924ea5-17a9-4554-9fa7-5efdddfd1c8d	Duration: 582.75 ms	Billed Duration: 583 ms	Memory Size: 128 MB	Max Memory Used: 128 MB	

No Content-Type given. Defaulting to 'application/json'.
2024-08-29 23:05:24 127.0.0.1 - - [29/Aug/2024 23:05:24] "GET /invoke HTTP/1.1" 200 -
Invoking app.lambda_handler (python3.9)
Reuse the created warm container for Lambda function 'HelloWorldFunction'
Lambda function 'HelloWorldFunction' is already running
START RequestId: b836a4a5-e4c9-436f-9f56-cd0d035d1704 Version: $LATEST
END RequestId: f18c9bee-b842-4f5f-a185-7afffa81a1f7
REPORT RequestId: f18c9bee-b842-4f5f-a185-7afffa81a1f7	Duration: 545.56 ms	Billed Duration: 546 ms	Memory Size: 128 MB	Max Memory Used: 128 MB	

No Content-Type given. Defaulting to 'application/json'.
2024-08-29 23:05:25 127.0.0.1 - - [29/Aug/2024 23:05:25] "GET /invoke HTTP/1.1" 200 -
Invoking app.lambda_handler (python3.9)
Reuse the created warm container for Lambda function 'HelloWorldFunction'
Lambda function 'HelloWorldFunction' is already running
START RequestId: 365107d1-5cad-403c-b327-6d3f74bd6cd5 Version: $LATEST
END RequestId: 65675db5-0551-4a43-8175-42af3d940f0f
REPORT RequestId: 65675db5-0551-4a43-8175-42af3d940f0f	Duration: 545.11 ms	Billed Duration: 546 ms	Memory Size: 128 MB	Max Memory Used: 128 MB	

No Content-Type given. Defaulting to 'application/json'.
2024-08-29 23:05:26 127.0.0.1 - - [29/Aug/2024 23:05:26] "GET /invoke HTTP/1.1" 200 -
Invoking app.lambda_handler (python3.9)
Reuse the created warm container for Lambda function 'HelloWorldFunction'
Lambda function 'HelloWorldFunction' is already running
START RequestId: ee097461-2b63-4fe9-bccc-2f041795a825 Version: $LATEST
END RequestId: 1992eea9-ca91-4cdd-8c00-1d17ad9c1159
REPORT RequestId: 1992eea9-ca91-4cdd-8c00-1d17ad9c1159	Duration: 511.73 ms	Billed Duration: 512 ms	Memory Size: 128 MB	Max Memory Used: 128 MB	

No Content-Type given. Defaulting to 'application/json'.
2024-08-29 23:05:26 127.0.0.1 - - [29/Aug/2024 23:05:26] "GET /invoke HTTP/1.1" 200 -
Invoking app.lambda_handler (python3.9)
Reuse the created warm container for Lambda function 'HelloWorldFunction'
Lambda function 'HelloWorldFunction' is already running
START RequestId: 89b98066-e76e-4ae2-833a-4222a61851ae Version: $LATEST
END RequestId: 8e13e2f4-381b-40a9-b785-f348823bd1a7
REPORT RequestId: 8e13e2f4-381b-40a9-b785-f348823bd1a7	Duration: 606.79 ms	Billed Duration: 607 ms	Memory Size: 128 MB	Max Memory Used: 128 MB	

No Content-Type given. Defaulting to 'application/json'.
2024-08-29 23:05:27 127.0.0.1 - - [29/Aug/2024 23:05:27] "GET /invoke HTTP/1.1" 200 -
Invoking app.lambda_handler (python3.9)
Reuse the created warm container for Lambda function 'HelloWorldFunction'
Lambda function 'HelloWorldFunction' is already running
START RequestId: 95e82fcf-e466-4034-82ae-84984c072316 Version: $LATEST
END RequestId: 11aa552d-4aa8-4065-96e1-c6406b140163
REPORT RequestId: 11aa552d-4aa8-4065-96e1-c6406b140163	Duration: 557.30 ms	Billed Duration: 558 ms	Memory Size: 128 MB	Max Memory Used: 128 MB	

No Content-Type given. Defaulting to 'application/json'.
2024-08-29 23:05:28 127.0.0.1 - - [29/Aug/2024 23:05:28] "GET /invoke HTTP/1.1" 200 -
Invoking app.lambda_handler (python3.9)
Reuse the created warm container for Lambda function 'HelloWorldFunction'
Lambda function 'HelloWorldFunction' is already running
START RequestId: e6f8c913-c657-4d62-b0f0-86733550dbb6 Version: $LATEST
END RequestId: 0bc90d51-d43f-4a23-b157-e6605c96198c
REPORT RequestId: 0bc90d51-d43f-4a23-b157-e6605c96198c	Duration: 550.21 ms	Billed Duration: 551 ms	Memory Size: 128 MB	Max Memory Used: 128 MB	

No Content-Type given. Defaulting to 'application/json'.
2024-08-29 23:05:29 127.0.0.1 - - [29/Aug/2024 23:05:29] "GET /invoke HTTP/1.1" 200 -
Invoking app.lambda_handler (python3.9)
Reuse the created warm container for Lambda function 'HelloWorldFunction'
Lambda function 'HelloWorldFunction' is already running
START RequestId: f80b65a4-7f2b-4f21-802b-a1357f348a17 Version: $LATEST
END RequestId: d1cf49bc-5da9-4479-80b3-085e04c5be1b
REPORT RequestId: d1cf49bc-5da9-4479-80b3-085e04c5be1b	Duration: 544.89 ms	Billed Duration: 545 ms	Memory Size: 128 MB	Max Memory Used: 128 MB	

No Content-Type given. Defaulting to 'application/json'.
2024-08-29 23:05:29 127.0.0.1 - - [29/Aug/2024 23:05:29] "GET /invoke HTTP/1.1" 200 -
Invoking app.lambda_handler (python3.9)
Reuse the created warm container for Lambda function 'HelloWorldFunction'
Lambda function 'HelloWorldFunction' is already running
START RequestId: e5f0e73c-b3b7-4152-8e7f-232aea44d4ee Version: $LATEST
END RequestId: a00c0245-dd90-4197-9df6-b777396025c5
REPORT RequestId: a00c0245-dd90-4197-9df6-b777396025c5	Duration: 595.18 ms	Billed Duration: 596 ms	Memory Size: 128 MB	Max Memory Used: 128 MB	

No Content-Type given. Defaulting to 'application/json'.
2024-08-29 23:05:30 127.0.0.1 - - [29/Aug/2024 23:05:30] "GET /invoke HTTP/1.1" 200 -
Invoking app.lambda_handler (python3.9)
Reuse the created warm container for Lambda function 'HelloWorldFunction'
Lambda function 'HelloWorldFunction' is already running
START RequestId: 87b0a5c4-0a56-494c-9fe7-101bac472e44 Version: $LATEST
END RequestId: 3164c677-3efa-41b6-b28d-69f622f924b1
REPORT RequestId: 3164c677-3efa-41b6-b28d-69f622f924b1	Duration: 598.12 ms	Billed Duration: 599 ms	Memory Size: 128 MB	Max Memory Used: 128 MB	

No Content-Type given. Defaulting to 'application/json'.
2024-08-29 23:05:31 127.0.0.1 - - [29/Aug/2024 23:05:31] "GET /invoke HTTP/1.1" 200 -
Invoking app.lambda_handler (python3.9)
Reuse the created warm container for Lambda function 'HelloWorldFunction'
Lambda function 'HelloWorldFunction' is already running
START RequestId: a3c32ac9-e8d3-4e8a-9a4c-5c413a74fa79 Version: $LATEST
END RequestId: 83bd9ec1-c6cb-433b-9aaa-70eaac78871d
REPORT RequestId: 83bd9ec1-c6cb-433b-9aaa-70eaac78871d	Duration: 513.11 ms	Billed Duration: 514 ms	Memory Size: 128 MB	Max Memory Used: 128 MB	

No Content-Type given. Defaulting to 'application/json'.
2024-08-29 23:05:32 127.0.0.1 - - [29/Aug/2024 23:05:32] "GET /invoke HTTP/1.1" 200 -
Invoking app.lambda_handler (python3.9)
Reuse the created warm container for Lambda function 'HelloWorldFunction'
Lambda function 'HelloWorldFunction' is already running
START RequestId: c3828291-da6b-4f74-bae1-69afd1e44f0f Version: $LATEST
END RequestId: e3b4d691-71e6-4f63-bfd4-56d576eb6566
REPORT RequestId: e3b4d691-71e6-4f63-bfd4-56d576eb6566	Duration: 558.23 ms	Billed Duration: 559 ms	Memory Size: 128 MB	Max Memory Used: 128 MB	

No Content-Type given. Defaulting to 'application/json'.
2024-08-29 23:05:34 127.0.0.1 - - [29/Aug/2024 23:05:34] "GET /invoke HTTP/1.1" 200 -
Invoking app.lambda_handler (python3.9)
Reuse the created warm container for Lambda function 'HelloWorldFunction'
Lambda function 'HelloWorldFunction' is already running
START RequestId: ff818c08-3b5d-46ba-b6b3-60dd3a609705 Version: $LATEST
END RequestId: d31ad967-3c22-4598-bbf1-c17bc49e2648
REPORT RequestId: d31ad967-3c22-4598-bbf1-c17bc49e2648	Duration: 601.21 ms	Billed Duration: 602 ms	Memory Size: 128 MB	Max Memory Used: 128 MB	

No Content-Type given. Defaulting to 'application/json'.
2024-08-29 23:05:37 127.0.0.1 - - [29/Aug/2024 23:05:37] "GET /invoke HTTP/1.1" 200 -
Invoking app.lambda_handler (python3.9)
Reuse the created warm container for Lambda function 'HelloWorldFunction'
Lambda function 'HelloWorldFunction' is already running
START RequestId: 28ebddff-37da-4f43-860e-d4817c06a1d4 Version: $LATEST
END RequestId: 3512ca72-48ae-4917-8b2b-a4d38ebc7a0c
REPORT RequestId: 3512ca72-48ae-4917-8b2b-a4d38ebc7a0c	Duration: 543.98 ms	Billed Duration: 544 ms	Memory Size: 128 MB	Max Memory Used: 128 MB	

No Content-Type given. Defaulting to 'application/json'.
2024-08-29 23:05:38 127.0.0.1 - - [29/Aug/2024 23:05:38] "GET /invoke HTTP/1.1" 200 -
Invoking app.lambda_handler (python3.9)
Reuse the created warm container for Lambda function 'HelloWorldFunction'
Lambda function 'HelloWorldFunction' is already running
START RequestId: e3a8818f-1e0a-484b-821e-3909d030165d Version: $LATEST
END RequestId: 054a5eb1-193e-42f3-b636-f32a1e753438
REPORT RequestId: 054a5eb1-193e-42f3-b636-f32a1e753438	Duration: 547.57 ms	Billed Duration: 548 ms	Memory Size: 128 MB	Max Memory Used: 128 MB	

No Content-Type given. Defaulting to 'application/json'.
2024-08-29 23:05:38 127.0.0.1 - - [29/Aug/2024 23:05:38] "GET /invoke HTTP/1.1" 200 -
Invoking app.lambda_handler (python3.9)
Reuse the created warm container for Lambda function 'HelloWorldFunction'
Lambda function 'HelloWorldFunction' is already running
START RequestId: c8ec2aa4-5135-499e-abe7-dcfc7685df11 Version: $LATEST
END RequestId: 03c2c611-4600-4531-b6aa-dd157822eff4
REPORT RequestId: 03c2c611-4600-4531-b6aa-dd157822eff4	Duration: 588.77 ms	Billed Duration: 589 ms	Memory Size: 128 MB	Max Memory Used: 128 MB	

No Content-Type given. Defaulting to 'application/json'.
2024-08-29 23:05:39 127.0.0.1 - - [29/Aug/2024 23:05:39] "GET /invoke HTTP/1.1" 200 -
Invoking app.lambda_handler (python3.9)
Reuse the created warm container for Lambda function 'HelloWorldFunction'
Lambda function 'HelloWorldFunction' is already running
START RequestId: 5811497a-36f6-45ef-8297-685cf211a1b3 Version: $LATEST
END RequestId: 54b9c4e3-67d7-4ee1-b8c5-3043ac5a25ad
REPORT RequestId: 54b9c4e3-67d7-4ee1-b8c5-3043ac5a25ad	Duration: 604.52 ms	Billed Duration: 605 ms	Memory Size: 128 MB	Max Memory Used: 128 MB	

No Content-Type given. Defaulting to 'application/json'.
2024-08-29 23:05:40 127.0.0.1 - - [29/Aug/2024 23:05:40] "GET /invoke HTTP/1.1" 200 -
Invoking app.lambda_handler (python3.9)
Reuse the created warm container for Lambda function 'HelloWorldFunction'
Lambda function 'HelloWorldFunction' is already running
START RequestId: f9e11935-458b-450f-ab14-dca90914a6d4 Version: $LATEST
END RequestId: 8432c3f4-a95c-4d66-be75-989c82e171a0
REPORT RequestId: 8432c3f4-a95c-4d66-be75-989c82e171a0	Duration: 598.09 ms	Billed Duration: 599 ms	Memory Size: 128 MB	Max Memory Used: 128 MB	

No Content-Type given. Defaulting to 'application/json'.
2024-08-29 23:05:41 127.0.0.1 - - [29/Aug/2024 23:05:41] "GET /invoke HTTP/1.1" 200 -
Invoking app.lambda_handler (python3.9)
Reuse the created warm container for Lambda function 'HelloWorldFunction'
Lambda function 'HelloWorldFunction' is already running
START RequestId: e2be649e-bbae-4d87-9f69-589ed5d69a19 Version: $LATEST
END RequestId: b6a5a530-0d30-4603-9409-f2482c8ff664
REPORT RequestId: b6a5a530-0d30-4603-9409-f2482c8ff664	Duration: 635.86 ms	Billed Duration: 636 ms	Memory Size: 128 MB	Max Memory Used: 128 MB	

No Content-Type given. Defaulting to 'application/json'.
2024-08-29 23:05:42 127.0.0.1 - - [29/Aug/2024 23:05:42] "GET /invoke HTTP/1.1" 200 -
Invoking app.lambda_handler (python3.9)
Reuse the created warm container for Lambda function 'HelloWorldFunction'
Lambda function 'HelloWorldFunction' is already running
START RequestId: 92494ed9-e79f-49f7-a1e8-47d76acc4bd8 Version: $LATEST
END RequestId: 8e15dfc7-5890-4411-a77c-f42714a4daf7
REPORT RequestId: 8e15dfc7-5890-4411-a77c-f42714a4daf7	Duration: 601.38 ms	Billed Duration: 602 ms	Memory Size: 128 MB	Max Memory Used: 128 MB	

No Content-Type given. Defaulting to 'application/json'.
2024-08-29 23:05:42 127.0.0.1 - - [29/Aug/2024 23:05:42] "GET /invoke HTTP/1.1" 200 -
Invoking app.lambda_handler (python3.9)
Reuse the created warm container for Lambda function 'HelloWorldFunction'
Lambda function 'HelloWorldFunction' is already running
START RequestId: edcbcfda-10d3-4bb5-b2d8-13150996ad08 Version: $LATEST
END RequestId: 904d215d-29c0-4bd1-b280-f1731b152661
REPORT RequestId: 904d215d-29c0-4bd1-b280-f1731b152661	Duration: 599.71 ms	Billed Duration: 600 ms	Memory Size: 128 MB	Max Memory Used: 128 MB	

No Content-Type given. Defaulting to 'application/json'.
2024-08-29 23:05:43 127.0.0.1 - - [29/Aug/2024 23:05:43] "GET /invoke HTTP/1.1" 200 -
Invoking app.lambda_handler (python3.9)
Reuse the created warm container for Lambda function 'HelloWorldFunction'
Lambda function 'HelloWorldFunction' is already running
START RequestId: 2a3c5ec9-a525-4a38-9d72-6693d195a4b6 Version: $LATEST
END RequestId: e7289b00-a7ec-443b-aaa2-933ca9ad46a4
REPORT RequestId: e7289b00-a7ec-443b-aaa2-933ca9ad46a4	Duration: 601.02 ms	Billed Duration: 602 ms	Memory Size: 128 MB	Max Memory Used: 128 MB	

No Content-Type given. Defaulting to 'application/json'.
2024-08-29 23:05:44 127.0.0.1 - - [29/Aug/2024 23:05:44] "GET /invoke HTTP/1.1" 200 -
Invoking app.lambda_handler (python3.9)
Reuse the created warm container for Lambda function 'HelloWorldFunction'
Lambda function 'HelloWorldFunction' is already running
START RequestId: 1dea9642-5940-4a05-a463-c5c2bb5497e9 Version: $LATEST
END RequestId: 23f04da7-d410-4d0e-ad2f-e2f63596e2ca
REPORT RequestId: 23f04da7-d410-4d0e-ad2f-e2f63596e2ca	Duration: 511.51 ms	Billed Duration: 512 ms	Memory Size: 128 MB	Max Memory Used: 128 MB	

No Content-Type given. Defaulting to 'application/json'.
2024-08-29 23:05:45 127.0.0.1 - - [29/Aug/2024 23:05:45] "GET /invoke HTTP/1.1" 200 -
Invoking app.lambda_handler (python3.9)
Reuse the created warm container for Lambda function 'HelloWorldFunction'
Lambda function 'HelloWorldFunction' is already running
START RequestId: b612f5ed-9660-4fe0-b4c9-cefc14ff5f42 Version: $LATEST
END RequestId: f385aa4b-a884-4cce-a489-e37d4060aa7e
REPORT RequestId: f385aa4b-a884-4cce-a489-e37d4060aa7e	Duration: 606.90 ms	Billed Duration: 607 ms	Memory Size: 128 MB	Max Memory Used: 128 MB	

No Content-Type given. Defaulting to 'application/json'.
2024-08-29 23:05:46 127.0.0.1 - - [29/Aug/2024 23:05:46] "GET /invoke HTTP/1.1" 200 -
Invoking app.lambda_handler (python3.9)
Reuse the created warm container for Lambda function 'HelloWorldFunction'
Lambda function 'HelloWorldFunction' is already running
START RequestId: 42d3517f-dc7c-4754-bf07-f861d9cbd593 Version: $LATEST
END RequestId: 7f274c82-72da-4ac8-bacb-466177da8745
REPORT RequestId: 7f274c82-72da-4ac8-bacb-466177da8745	Duration: 639.47 ms	Billed Duration: 640 ms	Memory Size: 128 MB	Max Memory Used: 128 MB	

No Content-Type given. Defaulting to 'application/json'.
2024-08-29 23:05:46 127.0.0.1 - - [29/Aug/2024 23:05:46] "GET /invoke HTTP/1.1" 200 -
Invoking app.lambda_handler (python3.9)
Reuse the created warm container for Lambda function 'HelloWorldFunction'
Lambda function 'HelloWorldFunction' is already running
START RequestId: 8302deb4-7e53-4315-857c-33ada0657acd Version: $LATEST
END RequestId: e6f0b9a1-db36-4072-8d43-6761f6fb4591
REPORT RequestId: e6f0b9a1-db36-4072-8d43-6761f6fb4591	Duration: 551.24 ms	Billed Duration: 552 ms	Memory Size: 128 MB	Max Memory Used: 128 MB	

No Content-Type given. Defaulting to 'application/json'.
2024-08-29 23:05:47 127.0.0.1 - - [29/Aug/2024 23:05:47] "GET /invoke HTTP/1.1" 200 -
Invoking app.lambda_handler (python3.9)
Reuse the created warm container for Lambda function 'HelloWorldFunction'
Lambda function 'HelloWorldFunction' is already running
START RequestId: 58ba2372-c083-43e9-883e-c24db311a2d7 Version: $LATEST
END RequestId: aac81d5f-5fd1-4767-b47a-f568c9735cec
REPORT RequestId: aac81d5f-5fd1-4767-b47a-f568c9735cec	Duration: 594.88 ms	Billed Duration: 595 ms	Memory Size: 128 MB	Max Memory Used: 128 MB	

No Content-Type given. Defaulting to 'application/json'.
2024-08-29 23:05:48 127.0.0.1 - - [29/Aug/2024 23:05:48] "GET /invoke HTTP/1.1" 200 -
Invoking app.lambda_handler (python3.9)
Reuse the created warm container for Lambda function 'HelloWorldFunction'
Lambda function 'HelloWorldFunction' is already running
START RequestId: fa012fba-6771-4b93-af33-546781a67900 Version: $LATEST
END RequestId: db29ffeb-c72f-4986-9ac3-d474182facca
REPORT RequestId: db29ffeb-c72f-4986-9ac3-d474182facca	Duration: 546.81 ms	Billed Duration: 547 ms	Memory Size: 128 MB	Max Memory Used: 128 MB	

No Content-Type given. Defaulting to 'application/json'.
2024-08-29 23:05:49 127.0.0.1 - - [29/Aug/2024 23:05:49] "GET /invoke HTTP/1.1" 200 -
Invoking app.lambda_handler (python3.9)
Reuse the created warm container for Lambda function 'HelloWorldFunction'
Lambda function 'HelloWorldFunction' is already running
START RequestId: 3385e55a-82b7-4bfc-be07-af418a289dcb Version: $LATEST
END RequestId: e41151cd-ad00-4701-9c50-81520c5f8ef7
REPORT RequestId: e41151cd-ad00-4701-9c50-81520c5f8ef7	Duration: 594.49 ms	Billed Duration: 595 ms	Memory Size: 128 MB	Max Memory Used: 128 MB	

No Content-Type given. Defaulting to 'application/json'.
2024-08-29 23:05:49 127.0.0.1 - - [29/Aug/2024 23:05:49] "GET /invoke HTTP/1.1" 200 -
Invoking app.lambda_handler (python3.9)
Reuse the created warm container for Lambda function 'HelloWorldFunction'
Lambda function 'HelloWorldFunction' is already running
START RequestId: 8a33cceb-b121-4c3b-9a98-911d883c4e91 Version: $LATEST
END RequestId: d46a6b23-1186-487f-809c-1532ff90e68e
REPORT RequestId: d46a6b23-1186-487f-809c-1532ff90e68e	Duration: 544.05 ms	Billed Duration: 545 ms	Memory Size: 128 MB	Max Memory Used: 128 MB	

No Content-Type given. Defaulting to 'application/json'.
2024-08-29 23:05:50 127.0.0.1 - - [29/Aug/2024 23:05:50] "GET /invoke HTTP/1.1" 200 -
