No current session found, using default AWS::AccountId
Initializing the lambda functions containers.
EddySplunkLayer is a local Layer in the template
Lambda Function 'HelloWorldFunction' source code has been changed, terminate its warm container. The new container will be created in lazy mode
Local image is up-to-date
Building image....................
Using local image: samcli/lambda-python:3.9-x86_64-1949afbf7b073482f0c2a73ab.

Mounting /Users/joe/dev/EddySplunk/SampleLambda/sample-lambda-with-eddysplunk/.aws-sam/build/HelloWorldFunction as /var/task:ro,delegated, inside runtime container
Containers Initialization is done.
Mounting HelloWorldFunction at http://127.0.0.1:3000/invoke [GET]
You can now browse to the above endpoints to invoke your functions. You do not need to restart/reload SAM CLI while working on your functions, changes will be reflected instantly/automatically. If you used sam build before running local commands, you will need to re-run sam build for the changes to be picked up. You only need to restart SAM CLI if you update your AWS SAM template
2024-09-01 22:43:02 [31m[1mWARNING: This is a development server. Do not use it in a production deployment. Use a production WSGI server instead.[0m
 * Running on http://127.0.0.1:3000
2024-09-01 22:43:02 [33mPress CTRL+C to quit[0m
Invoking app.lambda_handler (python3.9)
Reuse the created warm container for Lambda function 'HelloWorldFunction'
Lambda function 'HelloWorldFunction' is already running
START RequestId: 5107b875-01db-4fc0-b819-13c567f237d1 Version: $LATEST
Extension started, attempting registration.
Lambda Runtime API: 127.0.0.1:9001
Registration Payload: 
{"events":["INVOKE"]}
Request:  &{POST http://127.0.0.1:9001/2020-01-01/extension/register HTTP/1.1 1 1 map[] {0xc0000b20e0} 0x6501a0 21 [] false 127.0.0.1:9001 map[] map[] <nil> map[]   <nil> <nil> <nil>  {{}} <nil> [] map[]}
Response status: 200 OK
Response body: {"functionName":"HelloWorldFunction","functionVersion":"$LATEST","handler":"app.lambda_handler"}

panic: interface conversion: interface {} is nil, not string

goroutine 1 [running]:
main.registerExtension()
	/Users/joe/dev/EddySplunk/cmd/main.go:106 +0x825
main.main()
	/Users/joe/dev/EddySplunk/cmd/main.go:45 +0x4f
02 Sep 2024 05:43:13,141 [ERROR] (rapid) Init failed InvokeID= error=exit status 2
02 Sep 2024 05:43:13,150 [ERROR] (rapid) Invoke failed error=ErrAgentNameCollision InvokeID=6f39560c-b940-4bd0-9350-716bec58f8ec
02 Sep 2024 05:43:13,150 [ERROR] (rapid) Invoke DONE failed: Sandbox.Failure

Invalid lambda response received: Lambda response must be valid json
2024-09-01 22:43:14 127.0.0.1 - - [01/Sep/2024 22:43:14] "[35m[1mGET /invoke HTTP/1.1[0m" 502 -
